
*** Running vivado
    with args -log datapath.vds -m64 -product Vivado -mode batch -messageDb vivado.pb -notrace -source datapath.tcl



****** Vivado v2021.2 (64-bit)
  **** SW Build 3367213 on Tue Oct 19 02:48:09 MDT 2021
  **** IP Build 3369179 on Thu Oct 21 08:25:16 MDT 2021
    ** Copyright 1986-2021 Xilinx, Inc. All Rights Reserved.

source datapath.tcl -notrace
Command: read_checkpoint -auto_incremental -incremental C:/Users/david/Desktop/final_project/final_project.srcs/utils_1/imports/synth_1/datapath.dcp
INFO: [Vivado 12-5825] Read reference checkpoint from C:/Users/david/Desktop/final_project/final_project.srcs/utils_1/imports/synth_1/datapath.dcp for incremental synthesis
INFO: [Vivado 12-7989] Please ensure there are no constraint changes
Command: synth_design -top datapath -part xc7z010clg400-1
Starting synth_design
Attempting to get a license for feature 'Synthesis' and/or device 'xc7z010'
INFO: [Common 17-349] Got license for feature 'Synthesis' and/or device 'xc7z010'
WARNING: [Designutils 20-4072] Reference run did not run incremental synthesis because the design is too small; reverting to default synthesis
INFO: [Designutils 20-4379] Flow is switching to default flow due to incremental criteria not met. If you would like to alter this behaviour and have the flow terminate instead, please set the following parameter config_implementation {autoIncr.Synth.RejectBehavior Terminate}
INFO: [Synth 8-7079] Multithreading enabled for synth_design using a maximum of 2 processes.
INFO: [Synth 8-7078] Launching helper process for spawning children vivado processes
INFO: [Synth 8-7075] Helper process launched with PID 20152
---------------------------------------------------------------------------------
Starting Synthesize : Time (s): cpu = 00:00:03 ; elapsed = 00:00:04 . Memory (MB): peak = 1410.855 ; gain = 0.000
---------------------------------------------------------------------------------
INFO: [Synth 8-6157] synthesizing module 'datapath' [C:/Users/david/Desktop/final_project/final_project.srcs/sources_1/new/datapath.v:23]
INFO: [Synth 8-6157] synthesizing module 'programCounter' [C:/Users/david/Desktop/final_project/final_project.srcs/sources_1/new/datapath.v:363]
INFO: [Synth 8-6155] done synthesizing module 'programCounter' (1#1) [C:/Users/david/Desktop/final_project/final_project.srcs/sources_1/new/datapath.v:363]
INFO: [Synth 8-6157] synthesizing module 'pcAddr' [C:/Users/david/Desktop/final_project/final_project.srcs/sources_1/new/datapath.v:406]
INFO: [Synth 8-6155] done synthesizing module 'pcAddr' (2#1) [C:/Users/david/Desktop/final_project/final_project.srcs/sources_1/new/datapath.v:406]
INFO: [Synth 8-6157] synthesizing module 'instructionMemory' [C:/Users/david/Desktop/final_project/final_project.srcs/sources_1/new/datapath.v:384]
INFO: [Synth 8-6155] done synthesizing module 'instructionMemory' (3#1) [C:/Users/david/Desktop/final_project/final_project.srcs/sources_1/new/datapath.v:384]
INFO: [Synth 8-6157] synthesizing module 'ifid_pipelineRegister' [C:/Users/david/Desktop/final_project/final_project.srcs/sources_1/new/datapath.v:424]
INFO: [Synth 8-6155] done synthesizing module 'ifid_pipelineRegister' (4#1) [C:/Users/david/Desktop/final_project/final_project.srcs/sources_1/new/datapath.v:424]
INFO: [Synth 8-6157] synthesizing module 'controlUnit' [C:/Users/david/Desktop/final_project/final_project.srcs/sources_1/new/datapath.v:437]
INFO: [Synth 8-155] case statement is not full and has no default [C:/Users/david/Desktop/final_project/final_project.srcs/sources_1/new/datapath.v:515]
INFO: [Synth 8-155] case statement is not full and has no default [C:/Users/david/Desktop/final_project/final_project.srcs/sources_1/new/datapath.v:512]
INFO: [Synth 8-6155] done synthesizing module 'controlUnit' (5#1) [C:/Users/david/Desktop/final_project/final_project.srcs/sources_1/new/datapath.v:437]
INFO: [Synth 8-6157] synthesizing module 'muxRegrt' [C:/Users/david/Desktop/final_project/final_project.srcs/sources_1/new/datapath.v:580]
INFO: [Synth 8-6155] done synthesizing module 'muxRegrt' (6#1) [C:/Users/david/Desktop/final_project/final_project.srcs/sources_1/new/datapath.v:580]
INFO: [Synth 8-6157] synthesizing module 'regFile' [C:/Users/david/Desktop/final_project/final_project.srcs/sources_1/new/datapath.v:598]
INFO: [Synth 8-6155] done synthesizing module 'regFile' (7#1) [C:/Users/david/Desktop/final_project/final_project.srcs/sources_1/new/datapath.v:598]
INFO: [Synth 8-6157] synthesizing module 'muxForwardA' [C:/Users/david/Desktop/final_project/final_project.srcs/sources_1/new/datapath.v:109]
INFO: [Synth 8-6155] done synthesizing module 'muxForwardA' (8#1) [C:/Users/david/Desktop/final_project/final_project.srcs/sources_1/new/datapath.v:109]
INFO: [Synth 8-6157] synthesizing module 'muxForwardB' [C:/Users/david/Desktop/final_project/final_project.srcs/sources_1/new/datapath.v:143]
INFO: [Synth 8-6155] done synthesizing module 'muxForwardB' (9#1) [C:/Users/david/Desktop/final_project/final_project.srcs/sources_1/new/datapath.v:143]
INFO: [Synth 8-6157] synthesizing module 'immediateExtender' [C:/Users/david/Desktop/final_project/final_project.srcs/sources_1/new/datapath.v:645]
INFO: [Synth 8-6155] done synthesizing module 'immediateExtender' (10#1) [C:/Users/david/Desktop/final_project/final_project.srcs/sources_1/new/datapath.v:645]
INFO: [Synth 8-6157] synthesizing module 'idexe_pipelineRegister' [C:/Users/david/Desktop/final_project/final_project.srcs/sources_1/new/datapath.v:657]
INFO: [Synth 8-6155] done synthesizing module 'idexe_pipelineRegister' (11#1) [C:/Users/david/Desktop/final_project/final_project.srcs/sources_1/new/datapath.v:657]
INFO: [Synth 8-6157] synthesizing module 'aluMux' [C:/Users/david/Desktop/final_project/final_project.srcs/sources_1/new/datapath.v:210]
INFO: [Synth 8-6155] done synthesizing module 'aluMux' (12#1) [C:/Users/david/Desktop/final_project/final_project.srcs/sources_1/new/datapath.v:210]
INFO: [Synth 8-6157] synthesizing module 'alu' [C:/Users/david/Desktop/final_project/final_project.srcs/sources_1/new/datapath.v:228]
INFO: [Synth 8-155] case statement is not full and has no default [C:/Users/david/Desktop/final_project/final_project.srcs/sources_1/new/datapath.v:237]
INFO: [Synth 8-6155] done synthesizing module 'alu' (13#1) [C:/Users/david/Desktop/final_project/final_project.srcs/sources_1/new/datapath.v:228]
INFO: [Synth 8-6157] synthesizing module 'exeMem' [C:/Users/david/Desktop/final_project/final_project.srcs/sources_1/new/datapath.v:264]
INFO: [Synth 8-6155] done synthesizing module 'exeMem' (14#1) [C:/Users/david/Desktop/final_project/final_project.srcs/sources_1/new/datapath.v:264]
INFO: [Synth 8-6157] synthesizing module 'dataMemory' [C:/Users/david/Desktop/final_project/final_project.srcs/sources_1/new/datapath.v:292]
INFO: [Synth 8-6155] done synthesizing module 'dataMemory' (15#1) [C:/Users/david/Desktop/final_project/final_project.srcs/sources_1/new/datapath.v:292]
INFO: [Synth 8-6157] synthesizing module 'memWB' [C:/Users/david/Desktop/final_project/final_project.srcs/sources_1/new/datapath.v:328]
INFO: [Synth 8-6155] done synthesizing module 'memWB' (16#1) [C:/Users/david/Desktop/final_project/final_project.srcs/sources_1/new/datapath.v:328]
INFO: [Synth 8-6157] synthesizing module 'wbData' [C:/Users/david/Desktop/final_project/final_project.srcs/sources_1/new/datapath.v:187]
INFO: [Synth 8-6155] done synthesizing module 'wbData' (17#1) [C:/Users/david/Desktop/final_project/final_project.srcs/sources_1/new/datapath.v:187]
INFO: [Synth 8-6155] done synthesizing module 'datapath' (18#1) [C:/Users/david/Desktop/final_project/final_project.srcs/sources_1/new/datapath.v:23]
WARNING: [Synth 8-7129] Port mr[31] in module dataMemory is either unconnected or has no load
WARNING: [Synth 8-7129] Port mr[30] in module dataMemory is either unconnected or has no load
WARNING: [Synth 8-7129] Port mr[29] in module dataMemory is either unconnected or has no load
WARNING: [Synth 8-7129] Port mr[28] in module dataMemory is either unconnected or has no load
WARNING: [Synth 8-7129] Port mr[27] in module dataMemory is either unconnected or has no load
WARNING: [Synth 8-7129] Port mr[26] in module dataMemory is either unconnected or has no load
WARNING: [Synth 8-7129] Port mr[25] in module dataMemory is either unconnected or has no load
WARNING: [Synth 8-7129] Port mr[24] in module dataMemory is either unconnected or has no load
WARNING: [Synth 8-7129] Port mr[23] in module dataMemory is either unconnected or has no load
WARNING: [Synth 8-7129] Port mr[22] in module dataMemory is either unconnected or has no load
WARNING: [Synth 8-7129] Port mr[21] in module dataMemory is either unconnected or has no load
WARNING: [Synth 8-7129] Port mr[20] in module dataMemory is either unconnected or has no load
WARNING: [Synth 8-7129] Port mr[19] in module dataMemory is either unconnected or has no load
WARNING: [Synth 8-7129] Port mr[18] in module dataMemory is either unconnected or has no load
WARNING: [Synth 8-7129] Port mr[17] in module dataMemory is either unconnected or has no load
WARNING: [Synth 8-7129] Port mr[16] in module dataMemory is either unconnected or has no load
WARNING: [Synth 8-7129] Port mr[15] in module dataMemory is either unconnected or has no load
WARNING: [Synth 8-7129] Port mr[14] in module dataMemory is either unconnected or has no load
WARNING: [Synth 8-7129] Port mr[13] in module dataMemory is either unconnected or has no load
WARNING: [Synth 8-7129] Port mr[12] in module dataMemory is either unconnected or has no load
WARNING: [Synth 8-7129] Port mr[11] in module dataMemory is either unconnected or has no load
WARNING: [Synth 8-7129] Port mr[10] in module dataMemory is either unconnected or has no load
WARNING: [Synth 8-7129] Port mr[9] in module dataMemory is either unconnected or has no load
WARNING: [Synth 8-7129] Port mr[8] in module dataMemory is either unconnected or has no load
WARNING: [Synth 8-7129] Port rd[4] in module controlUnit is either unconnected or has no load
WARNING: [Synth 8-7129] Port rd[3] in module controlUnit is either unconnected or has no load
WARNING: [Synth 8-7129] Port rd[2] in module controlUnit is either unconnected or has no load
WARNING: [Synth 8-7129] Port rd[1] in module controlUnit is either unconnected or has no load
WARNING: [Synth 8-7129] Port rd[0] in module controlUnit is either unconnected or has no load
WARNING: [Synth 8-7129] Port pc[31] in module instructionMemory is either unconnected or has no load
WARNING: [Synth 8-7129] Port pc[30] in module instructionMemory is either unconnected or has no load
WARNING: [Synth 8-7129] Port pc[29] in module instructionMemory is either unconnected or has no load
WARNING: [Synth 8-7129] Port pc[28] in module instructionMemory is either unconnected or has no load
WARNING: [Synth 8-7129] Port pc[27] in module instructionMemory is either unconnected or has no load
WARNING: [Synth 8-7129] Port pc[26] in module instructionMemory is either unconnected or has no load
WARNING: [Synth 8-7129] Port pc[25] in module instructionMemory is either unconnected or has no load
WARNING: [Synth 8-7129] Port pc[24] in module instructionMemory is either unconnected or has no load
WARNING: [Synth 8-7129] Port pc[23] in module instructionMemory is either unconnected or has no load
WARNING: [Synth 8-7129] Port pc[22] in module instructionMemory is either unconnected or has no load
WARNING: [Synth 8-7129] Port pc[21] in module instructionMemory is either unconnected or has no load
WARNING: [Synth 8-7129] Port pc[20] in module instructionMemory is either unconnected or has no load
WARNING: [Synth 8-7129] Port pc[19] in module instructionMemory is either unconnected or has no load
WARNING: [Synth 8-7129] Port pc[18] in module instructionMemory is either unconnected or has no load
WARNING: [Synth 8-7129] Port pc[17] in module instructionMemory is either unconnected or has no load
WARNING: [Synth 8-7129] Port pc[16] in module instructionMemory is either unconnected or has no load
WARNING: [Synth 8-7129] Port pc[15] in module instructionMemory is either unconnected or has no load
WARNING: [Synth 8-7129] Port pc[14] in module instructionMemory is either unconnected or has no load
WARNING: [Synth 8-7129] Port pc[13] in module instructionMemory is either unconnected or has no load
WARNING: [Synth 8-7129] Port pc[12] in module instructionMemory is either unconnected or has no load
WARNING: [Synth 8-7129] Port pc[11] in module instructionMemory is either unconnected or has no load
WARNING: [Synth 8-7129] Port pc[10] in module instructionMemory is either unconnected or has no load
WARNING: [Synth 8-7129] Port pc[9] in module instructionMemory is either unconnected or has no load
WARNING: [Synth 8-7129] Port pc[8] in module instructionMemory is either unconnected or has no load
WARNING: [Synth 8-7129] Port pc[1] in module instructionMemory is either unconnected or has no load
WARNING: [Synth 8-7129] Port pc[0] in module instructionMemory is either unconnected or has no load
---------------------------------------------------------------------------------
Finished Synthesize : Time (s): cpu = 00:00:04 ; elapsed = 00:00:04 . Memory (MB): peak = 1410.855 ; gain = 0.000
---------------------------------------------------------------------------------
---------------------------------------------------------------------------------
Finished Constraint Validation : Time (s): cpu = 00:00:04 ; elapsed = 00:00:05 . Memory (MB): peak = 1410.855 ; gain = 0.000
---------------------------------------------------------------------------------
---------------------------------------------------------------------------------
Start Loading Part and Timing Information
---------------------------------------------------------------------------------
Loading part: xc7z010clg400-1
---------------------------------------------------------------------------------
Finished Loading Part and Timing Information : Time (s): cpu = 00:00:04 ; elapsed = 00:00:05 . Memory (MB): peak = 1410.855 ; gain = 0.000
---------------------------------------------------------------------------------
INFO: [Device 21-403] Loading part xc7z010clg400-1
WARNING: [Synth 8-327] inferring latch for variable 'wreg_reg' [C:/Users/david/Desktop/final_project/final_project.srcs/sources_1/new/datapath.v:517]
WARNING: [Synth 8-327] inferring latch for variable 'm2reg_reg' [C:/Users/david/Desktop/final_project/final_project.srcs/sources_1/new/datapath.v:518]
WARNING: [Synth 8-327] inferring latch for variable 'wmem_reg' [C:/Users/david/Desktop/final_project/final_project.srcs/sources_1/new/datapath.v:519]
WARNING: [Synth 8-327] inferring latch for variable 'aluc_reg' [C:/Users/david/Desktop/final_project/final_project.srcs/sources_1/new/datapath.v:522]
WARNING: [Synth 8-327] inferring latch for variable 'fwdb_reg' [C:/Users/david/Desktop/final_project/final_project.srcs/sources_1/new/datapath.v:470]
WARNING: [Synth 8-327] inferring latch for variable 'fwda_reg' [C:/Users/david/Desktop/final_project/final_project.srcs/sources_1/new/datapath.v:469]
WARNING: [Synth 8-327] inferring latch for variable 'destReg_reg' [C:/Users/david/Desktop/final_project/final_project.srcs/sources_1/new/datapath.v:589]
WARNING: [Synth 8-327] inferring latch for variable 'b_reg' [C:/Users/david/Desktop/final_project/final_project.srcs/sources_1/new/datapath.v:219]
WARNING: [Synth 8-327] inferring latch for variable 'r_reg' [C:/Users/david/Desktop/final_project/final_project.srcs/sources_1/new/datapath.v:239]
WARNING: [Synth 8-327] inferring latch for variable 'wbData_reg' [C:/Users/david/Desktop/final_project/final_project.srcs/sources_1/new/datapath.v:196]
---------------------------------------------------------------------------------
Finished RTL Optimization Phase 2 : Time (s): cpu = 00:00:05 ; elapsed = 00:00:05 . Memory (MB): peak = 1410.855 ; gain = 0.000
---------------------------------------------------------------------------------
No constraint files found.
---------------------------------------------------------------------------------
Start RTL Component Statistics 
---------------------------------------------------------------------------------
Detailed RTL Component Info : 
+---Adders : 
	   2 Input   32 Bit       Adders := 1     
	   3 Input   32 Bit       Adders := 1     
+---Registers : 
	               32 Bit    Registers := 9     
	                5 Bit    Registers := 3     
	                4 Bit    Registers := 1     
	                1 Bit    Registers := 9     
+---Muxes : 
	   6 Input   32 Bit        Muxes := 2     
	   4 Input   32 Bit        Muxes := 2     
	   2 Input   32 Bit        Muxes := 2     
	   2 Input    5 Bit        Muxes := 1     
	   2 Input    4 Bit        Muxes := 1     
	   6 Input    4 Bit        Muxes := 1     
	   2 Input    2 Bit        Muxes := 5     
	   2 Input    1 Bit        Muxes := 8     
	   6 Input    1 Bit        Muxes := 2     
	   3 Input    1 Bit        Muxes := 2     
---------------------------------------------------------------------------------
Finished RTL Component Statistics 
---------------------------------------------------------------------------------
---------------------------------------------------------------------------------
Start Part Resource Summary
---------------------------------------------------------------------------------
Part Resources:
DSPs: 80 (col length:40)
BRAMs: 120 (col length: RAMB18 40 RAMB36 20)
---------------------------------------------------------------------------------
Finished Part Resource Summary
---------------------------------------------------------------------------------
No constraint files found.
---------------------------------------------------------------------------------
Start Cross Boundary and Area Optimization
---------------------------------------------------------------------------------
WARNING: [Synth 8-7080] Parallel synthesis criteria is not met
WARNING: [Synth 8-3332] Sequential element (contUnit/wreg_reg) is unused and will be removed from module datapath.
WARNING: [Synth 8-3332] Sequential element (contUnit/m2reg_reg) is unused and will be removed from module datapath.
WARNING: [Synth 8-3332] Sequential element (muxR/destReg_reg[4]) is unused and will be removed from module datapath.
WARNING: [Synth 8-3332] Sequential element (muxR/destReg_reg[3]) is unused and will be removed from module datapath.
WARNING: [Synth 8-3332] Sequential element (muxR/destReg_reg[2]) is unused and will be removed from module datapath.
WARNING: [Synth 8-3332] Sequential element (muxR/destReg_reg[1]) is unused and will be removed from module datapath.
WARNING: [Synth 8-3332] Sequential element (muxR/destReg_reg[0]) is unused and will be removed from module datapath.
WARNING: [Synth 8-3332] Sequential element (i_aluMux/b_reg[31]) is unused and will be removed from module datapath.
WARNING: [Synth 8-3332] Sequential element (i_aluMux/b_reg[30]) is unused and will be removed from module datapath.
WARNING: [Synth 8-3332] Sequential element (i_aluMux/b_reg[29]) is unused and will be removed from module datapath.
WARNING: [Synth 8-3332] Sequential element (i_aluMux/b_reg[28]) is unused and will be removed from module datapath.
WARNING: [Synth 8-3332] Sequential element (i_aluMux/b_reg[27]) is unused and will be removed from module datapath.
WARNING: [Synth 8-3332] Sequential element (i_aluMux/b_reg[26]) is unused and will be removed from module datapath.
WARNING: [Synth 8-3332] Sequential element (i_aluMux/b_reg[25]) is unused and will be removed from module datapath.
WARNING: [Synth 8-3332] Sequential element (i_aluMux/b_reg[24]) is unused and will be removed from module datapath.
WARNING: [Synth 8-3332] Sequential element (i_aluMux/b_reg[23]) is unused and will be removed from module datapath.
WARNING: [Synth 8-3332] Sequential element (i_aluMux/b_reg[22]) is unused and will be removed from module datapath.
WARNING: [Synth 8-3332] Sequential element (i_aluMux/b_reg[21]) is unused and will be removed from module datapath.
WARNING: [Synth 8-3332] Sequential element (i_aluMux/b_reg[20]) is unused and will be removed from module datapath.
WARNING: [Synth 8-3332] Sequential element (i_aluMux/b_reg[19]) is unused and will be removed from module datapath.
WARNING: [Synth 8-3332] Sequential element (i_aluMux/b_reg[18]) is unused and will be removed from module datapath.
WARNING: [Synth 8-3332] Sequential element (i_aluMux/b_reg[17]) is unused and will be removed from module datapath.
WARNING: [Synth 8-3332] Sequential element (i_aluMux/b_reg[16]) is unused and will be removed from module datapath.
WARNING: [Synth 8-3332] Sequential element (i_aluMux/b_reg[15]) is unused and will be removed from module datapath.
WARNING: [Synth 8-3332] Sequential element (i_aluMux/b_reg[14]) is unused and will be removed from module datapath.
WARNING: [Synth 8-3332] Sequential element (i_aluMux/b_reg[13]) is unused and will be removed from module datapath.
WARNING: [Synth 8-3332] Sequential element (i_aluMux/b_reg[12]) is unused and will be removed from module datapath.
WARNING: [Synth 8-3332] Sequential element (i_aluMux/b_reg[11]) is unused and will be removed from module datapath.
WARNING: [Synth 8-3332] Sequential element (i_aluMux/b_reg[10]) is unused and will be removed from module datapath.
WARNING: [Synth 8-3332] Sequential element (i_aluMux/b_reg[9]) is unused and will be removed from module datapath.
WARNING: [Synth 8-3332] Sequential element (i_aluMux/b_reg[8]) is unused and will be removed from module datapath.
WARNING: [Synth 8-3332] Sequential element (i_aluMux/b_reg[7]) is unused and will be removed from module datapath.
WARNING: [Synth 8-3332] Sequential element (i_aluMux/b_reg[6]) is unused and will be removed from module datapath.
WARNING: [Synth 8-3332] Sequential element (i_aluMux/b_reg[5]) is unused and will be removed from module datapath.
WARNING: [Synth 8-3332] Sequential element (i_aluMux/b_reg[4]) is unused and will be removed from module datapath.
WARNING: [Synth 8-3332] Sequential element (i_aluMux/b_reg[3]) is unused and will be removed from module datapath.
WARNING: [Synth 8-3332] Sequential element (i_aluMux/b_reg[2]) is unused and will be removed from module datapath.
WARNING: [Synth 8-3332] Sequential element (i_aluMux/b_reg[1]) is unused and will be removed from module datapath.
WARNING: [Synth 8-3332] Sequential element (i_aluMux/b_reg[0]) is unused and will be removed from module datapath.
WARNING: [Synth 8-3332] Sequential element (wbMux/wbData_reg[31]) is unused and will be removed from module datapath.
WARNING: [Synth 8-3332] Sequential element (wbMux/wbData_reg[30]) is unused and will be removed from module datapath.
WARNING: [Synth 8-3332] Sequential element (wbMux/wbData_reg[29]) is unused and will be removed from module datapath.
WARNING: [Synth 8-3332] Sequential element (wbMux/wbData_reg[28]) is unused and will be removed from module datapath.
WARNING: [Synth 8-3332] Sequential element (wbMux/wbData_reg[27]) is unused and will be removed from module datapath.
WARNING: [Synth 8-3332] Sequential element (wbMux/wbData_reg[26]) is unused and will be removed from module datapath.
WARNING: [Synth 8-3332] Sequential element (wbMux/wbData_reg[25]) is unused and will be removed from module datapath.
WARNING: [Synth 8-3332] Sequential element (wbMux/wbData_reg[24]) is unused and will be removed from module datapath.
WARNING: [Synth 8-3332] Sequential element (wbMux/wbData_reg[23]) is unused and will be removed from module datapath.
WARNING: [Synth 8-3332] Sequential element (wbMux/wbData_reg[22]) is unused and will be removed from module datapath.
WARNING: [Synth 8-3332] Sequential element (wbMux/wbData_reg[21]) is unused and will be removed from module datapath.
WARNING: [Synth 8-3332] Sequential element (wbMux/wbData_reg[20]) is unused and will be removed from module datapath.
WARNING: [Synth 8-3332] Sequential element (wbMux/wbData_reg[19]) is unused and will be removed from module datapath.
WARNING: [Synth 8-3332] Sequential element (wbMux/wbData_reg[18]) is unused and will be removed from module datapath.
WARNING: [Synth 8-3332] Sequential element (wbMux/wbData_reg[17]) is unused and will be removed from module datapath.
WARNING: [Synth 8-3332] Sequential element (wbMux/wbData_reg[16]) is unused and will be removed from module datapath.
WARNING: [Synth 8-3332] Sequential element (wbMux/wbData_reg[15]) is unused and will be removed from module datapath.
WARNING: [Synth 8-3332] Sequential element (wbMux/wbData_reg[14]) is unused and will be removed from module datapath.
WARNING: [Synth 8-3332] Sequential element (wbMux/wbData_reg[13]) is unused and will be removed from module datapath.
WARNING: [Synth 8-3332] Sequential element (wbMux/wbData_reg[12]) is unused and will be removed from module datapath.
WARNING: [Synth 8-3332] Sequential element (wbMux/wbData_reg[11]) is unused and will be removed from module datapath.
WARNING: [Synth 8-3332] Sequential element (wbMux/wbData_reg[10]) is unused and will be removed from module datapath.
WARNING: [Synth 8-3332] Sequential element (wbMux/wbData_reg[9]) is unused and will be removed from module datapath.
WARNING: [Synth 8-3332] Sequential element (wbMux/wbData_reg[8]) is unused and will be removed from module datapath.
WARNING: [Synth 8-3332] Sequential element (wbMux/wbData_reg[7]) is unused and will be removed from module datapath.
WARNING: [Synth 8-3332] Sequential element (wbMux/wbData_reg[6]) is unused and will be removed from module datapath.
WARNING: [Synth 8-3332] Sequential element (wbMux/wbData_reg[5]) is unused and will be removed from module datapath.
WARNING: [Synth 8-3332] Sequential element (wbMux/wbData_reg[4]) is unused and will be removed from module datapath.
WARNING: [Synth 8-3332] Sequential element (wbMux/wbData_reg[3]) is unused and will be removed from module datapath.
WARNING: [Synth 8-3332] Sequential element (wbMux/wbData_reg[2]) is unused and will be removed from module datapath.
WARNING: [Synth 8-3332] Sequential element (wbMux/wbData_reg[1]) is unused and will be removed from module datapath.
WARNING: [Synth 8-3332] Sequential element (wbMux/wbData_reg[0]) is unused and will be removed from module datapath.
---------------------------------------------------------------------------------
Finished Cross Boundary and Area Optimization : Time (s): cpu = 00:00:08 ; elapsed = 00:00:09 . Memory (MB): peak = 1410.855 ; gain = 0.000
---------------------------------------------------------------------------------
---------------------------------------------------------------------------------
Start ROM, RAM, DSP, Shift Register and Retiming Reporting
---------------------------------------------------------------------------------

Distributed RAM: Preliminary Mapping Report (see note below)
+------------+-------------------------+-----------+----------------------+--------------+
|Module Name | RTL Object              | Inference | Size (Depth x Width) | Primitives   | 
+------------+-------------------------+-----------+----------------------+--------------+
|datapath    | regF/registers_reg      | Implied   | 32 x 32              | RAM32M x 12  | 
|datapath    | i_dataMemory/memory_reg | Implied   | 64 x 32              | RAM64M x 11  | 
+------------+-------------------------+-----------+----------------------+--------------+

Note: The table above is a preliminary report that shows the Distributed RAMs at the current stage of the synthesis flow. Some Distributed RAMs may be reimplemented as non Distributed RAM primitives later in the synthesis flow. Multiple instantiated RAMs are reported only once.
---------------------------------------------------------------------------------
Finished ROM, RAM, DSP, Shift Register and Retiming Reporting
---------------------------------------------------------------------------------
No constraint files found.
---------------------------------------------------------------------------------
Start Timing Optimization
---------------------------------------------------------------------------------
---------------------------------------------------------------------------------
Finished Timing Optimization : Time (s): cpu = 00:00:08 ; elapsed = 00:00:09 . Memory (MB): peak = 1410.855 ; gain = 0.000
---------------------------------------------------------------------------------
---------------------------------------------------------------------------------
Start ROM, RAM, DSP, Shift Register and Retiming Reporting
---------------------------------------------------------------------------------

Distributed RAM: Final Mapping Report
+------------+-------------------------+-----------+----------------------+--------------+
|Module Name | RTL Object              | Inference | Size (Depth x Width) | Primitives   | 
+------------+-------------------------+-----------+----------------------+--------------+
|datapath    | regF/registers_reg      | Implied   | 32 x 32              | RAM32M x 12  | 
|datapath    | i_dataMemory/memory_reg | Implied   | 64 x 32              | RAM64M x 11  | 
+------------+-------------------------+-----------+----------------------+--------------+

---------------------------------------------------------------------------------
Finished ROM, RAM, DSP, Shift Register and Retiming Reporting
---------------------------------------------------------------------------------
---------------------------------------------------------------------------------
Start Technology Mapping
---------------------------------------------------------------------------------
---------------------------------------------------------------------------------
Finished Technology Mapping : Time (s): cpu = 00:00:09 ; elapsed = 00:00:09 . Memory (MB): peak = 1410.855 ; gain = 0.000
---------------------------------------------------------------------------------
---------------------------------------------------------------------------------
Start IO Insertion
---------------------------------------------------------------------------------
---------------------------------------------------------------------------------
Start Flattening Before IO Insertion
---------------------------------------------------------------------------------
---------------------------------------------------------------------------------
Finished Flattening Before IO Insertion
---------------------------------------------------------------------------------
---------------------------------------------------------------------------------
Start Final Netlist Cleanup
---------------------------------------------------------------------------------
---------------------------------------------------------------------------------
Finished Final Netlist Cleanup
---------------------------------------------------------------------------------
---------------------------------------------------------------------------------
Finished IO Insertion : Time (s): cpu = 00:00:12 ; elapsed = 00:00:13 . Memory (MB): peak = 1410.855 ; gain = 0.000
---------------------------------------------------------------------------------
---------------------------------------------------------------------------------
Start Renaming Generated Instances
---------------------------------------------------------------------------------
---------------------------------------------------------------------------------
Finished Renaming Generated Instances : Time (s): cpu = 00:00:12 ; elapsed = 00:00:13 . Memory (MB): peak = 1410.855 ; gain = 0.000
---------------------------------------------------------------------------------
---------------------------------------------------------------------------------
Start Rebuilding User Hierarchy
---------------------------------------------------------------------------------
---------------------------------------------------------------------------------
Finished Rebuilding User Hierarchy : Time (s): cpu = 00:00:12 ; elapsed = 00:00:13 . Memory (MB): peak = 1410.855 ; gain = 0.000
---------------------------------------------------------------------------------
---------------------------------------------------------------------------------
Start Renaming Generated Ports
---------------------------------------------------------------------------------
---------------------------------------------------------------------------------
Finished Renaming Generated Ports : Time (s): cpu = 00:00:12 ; elapsed = 00:00:13 . Memory (MB): peak = 1410.855 ; gain = 0.000
---------------------------------------------------------------------------------
---------------------------------------------------------------------------------
Start Handling Custom Attributes
---------------------------------------------------------------------------------
---------------------------------------------------------------------------------
Finished Handling Custom Attributes : Time (s): cpu = 00:00:12 ; elapsed = 00:00:13 . Memory (MB): peak = 1410.855 ; gain = 0.000
---------------------------------------------------------------------------------
---------------------------------------------------------------------------------
Start Renaming Generated Nets
---------------------------------------------------------------------------------
---------------------------------------------------------------------------------
Finished Renaming Generated Nets : Time (s): cpu = 00:00:12 ; elapsed = 00:00:13 . Memory (MB): peak = 1410.855 ; gain = 0.000
---------------------------------------------------------------------------------
---------------------------------------------------------------------------------
Start Writing Synthesis Report
---------------------------------------------------------------------------------

Report BlackBoxes: 
+-+--------------+----------+
| |BlackBox name |Instances |
+-+--------------+----------+
+-+--------------+----------+

Report Cell Usage: 
+------+---------+------+
|      |Cell     |Count |
+------+---------+------+
|1     |BUFG     |     2|
|2     |CARRY4   |    16|
|3     |LUT1     |     6|
|4     |LUT2     |     6|
|5     |LUT3     |    38|
|6     |LUT4     |     1|
|7     |LUT5     |    41|
|8     |LUT6     |    60|
|9     |RAM32M   |    10|
|10    |RAM32X1D |     4|
|11    |RAM64M   |     5|
|12    |FDRE     |   226|
|13    |LD       |    36|
|14    |LDC      |     4|
|15    |IBUF     |     1|
|16    |OBUF     |   380|
+------+---------+------+

Report Instance Areas: 
+------+---------------+-----------------------+------+
|      |Instance       |Module                 |Cells |
+------+---------------+-----------------------+------+
|1     |top            |                       |   836|
|2     |  contUnit     |controlUnit            |    72|
|3     |  i_alu        |alu                    |    40|
|4     |  i_dataMemory |dataMemory             |     5|
|5     |  i_exeMem     |exeMem                 |    73|
|6     |  i_memWB      |memWB                  |    47|
|7     |  idexeRP      |idexe_pipelineRegister |   142|
|8     |  ifidRP       |ifid_pipelineRegister  |    13|
|9     |  pcc          |programCounter         |    46|
|10    |  regF         |regFile                |    14|
+------+---------------+-----------------------+------+
---------------------------------------------------------------------------------
Finished Writing Synthesis Report : Time (s): cpu = 00:00:12 ; elapsed = 00:00:13 . Memory (MB): peak = 1410.855 ; gain = 0.000
---------------------------------------------------------------------------------
Synthesis finished with 0 errors, 0 critical warnings and 137 warnings.
Synthesis Optimization Runtime : Time (s): cpu = 00:00:12 ; elapsed = 00:00:13 . Memory (MB): peak = 1410.855 ; gain = 0.000
Synthesis Optimization Complete : Time (s): cpu = 00:00:12 ; elapsed = 00:00:13 . Memory (MB): peak = 1410.855 ; gain = 0.000
INFO: [Project 1-571] Translating synthesized netlist
Netlist sorting complete. Time (s): cpu = 00:00:00 ; elapsed = 00:00:00.014 . Memory (MB): peak = 1410.855 ; gain = 0.000
INFO: [Netlist 29-17] Analyzing 75 Unisim elements for replacement
INFO: [Netlist 29-28] Unisim Transformation completed in 0 CPU seconds
INFO: [Project 1-570] Preparing netlist for logic optimization
INFO: [Opt 31-138] Pushed 1 inverter(s) to 5 load pin(s).
Netlist sorting complete. Time (s): cpu = 00:00:00 ; elapsed = 00:00:00.001 . Memory (MB): peak = 1410.855 ; gain = 0.000
INFO: [Project 1-111] Unisim Transformation Summary:
  A total of 59 instances were transformed.
  LD => LDCE: 36 instances
  LDC => LDCE: 4 instances
  RAM32M => RAM32M (RAMD32(x6), RAMS32(x2)): 10 instances
  RAM32X1D => RAM32X1D (RAMD32(x2)): 4 instances
  RAM64M => RAM64M (inverted pins: WCLK) (RAMD64E(x4)): 5 instances

Synth Design complete, checksum: 25a85929
INFO: [Common 17-83] Releasing license: Synthesis
54 Infos, 138 Warnings, 0 Critical Warnings and 0 Errors encountered.
synth_design completed successfully
synth_design: Time (s): cpu = 00:00:13 ; elapsed = 00:00:14 . Memory (MB): peak = 1410.855 ; gain = 0.000
INFO: [Common 17-1381] The checkpoint 'C:/Users/david/Desktop/final_project/final_project.runs/synth_1/datapath.dcp' has been generated.
INFO: [runtcl-4] Executing : report_utilization -file datapath_utilization_synth.rpt -pb datapath_utilization_synth.pb
INFO: [Common 17-206] Exiting Vivado at Sat May  7 16:29:37 2022...
